<?xml version="1.0" encoding="UTF-8"?>
<testsuite xmlns:xsi="http://www.w3.org/2001/XMLSchema-instance" xsi:noNamespaceSchemaLocation="https://maven.apache.org/surefire/maven-surefire-plugin/xsd/surefire-test-report.xsd" name="main.CharactersTest" time="0.056" tests="9" errors="0" skipped="0" failures="1">
  <properties>
[...]
</properties>
  <testcase name="Given_TwoCharacters_When_DealingMoreDamageThanCurrentHealth_Then_SetPlayerToDead" classname="main.CharactersTest" time="0.027"/>
  <testcase name="Given_TwoCharacters_When_OneAttacks_Then_DealDamage" classname="main.CharactersTest" time="0.006">
    <failure message="expected:&lt;998.5&gt; but was:&lt;999.0&gt;" type="java.lang.AssertionError"><![CDATA[java.lang.AssertionError: expected:<998.5> but was:<999.0>
	at main.CharactersTest.Given_TwoCharacters_When_OneAttacks_Then_DealDamage(CharactersTest.java:28)
]]></failure>
    <system-out><![CDATA[Player1 attacks Player2 and deals 0.5. Player2health is 998.5.
]]></system-out>
  </testcase>
  <testcase name="Given_Character_When_HealingOthers_Then_ReturnError" classname="main.CharactersTest" time="0"/>
  <testcase name="Given_Character_When_AttackingOneself_Then_ReturnAbortMessage" classname="main.CharactersTest" time="0.006"/>
  <testcase name="Given_Targetwith5LevelOrMoreAbove_When_Attacking_Then_ReduceDamagebyHalf" classname="main.CharactersTest" time="0.007"/>
  <testcase name="Given_Characters_When_Created_Then_StatsStarts_At_1000_1_And_True" classname="main.CharactersTest" time="0"/>
  <testcase name="Given_TwoCharacters_When_Healing_Then_RaiseHealth" classname="main.CharactersTest" time="0"/>
  <testcase name="Given_TwoCharacters_When_HealingAbove1000_Then_SetHealthAt1000" classname="main.CharactersTest" time="0"/>
  <testcase name="Given_Targetwith5LevelOrMoreBelow_When_Attacking_Then_IncreaseDamagebyHalf" classname="main.CharactersTest" time="0.006"/>
</testsuite>